<?xml version="1.0" encoding="UTF-8"?>
<!-- Generated by org.testng.reporters.JUnitReportReporter -->
<testsuite hostname="ADMIN-PC" name="com.automation.CreateAccountTest.CreateAccountTest" tests="1" failures="0" timestamp="20 Mar 2020 17:57:19 GMT" time="34.256" errors="0">
  <testcase name="test1" time="34.256" classname="com.automation.CreateAccountTest.CreateAccountTest"/>
</testsuite> <!-- com.automation.CreateAccountTest.CreateAccountTest -->
